Arguments: 
  /Users/c.ryan/.nvm/versions/node/v12.10.0/bin/node /usr/local/Cellar/yarn/1.21.1/libexec/bin/yarn.js add @rollup/plugin-node-resolve

PATH: 
  /Applications/google-cloud-sdk/bin:/Users/c.ryan/.nvm/versions/node/v12.10.0/bin://anaconda3/bin://anaconda3/condabin:/usr/local/bin:/usr/bin:/bin:/usr/sbin:/sbin

Yarn version: 
  1.21.1

Node version: 
  12.10.0

Platform: 
  darwin x64

Trace: 
  SyntaxError: /Users/c.ryan/Documents/nature-repos/nature-flourish-templates/nature-svelte-chart/package.json: Unexpected token } in JSON at position 262
      at JSON.parse (<anonymous>)
      at /usr/local/Cellar/yarn/1.21.1/libexec/lib/cli.js:1625:59
      at Generator.next (<anonymous>)
      at step (/usr/local/Cellar/yarn/1.21.1/libexec/lib/cli.js:310:30)
      at /usr/local/Cellar/yarn/1.21.1/libexec/lib/cli.js:321:13

npm manifest: 
  {
  	"name": "untitled_flourish_template",
  	"version": "1.0.0",
  	"description": "A template for use on flourish.studio",
  	"main": "template.js",
  	"author": "Unknown author",
  	"license": "ISC",
  	"keywords": [
  		"flourish"
  	],
  	"scripts": {
  		"build": "rollup -c",
  	},
  	"dependencies": {}
  }

yarn manifest: 
  No manifest

Lockfile: 
  No lockfile
